   Compiling my_openclaw v0.2.2 (D:\MVP\openclaw-secure-installer\desktop\src-tauri)
warning: hard linking files in the incremental compilation cache failed. copying files instead. consider moving the cache directory to a file system which supports hard linking in session dir `\\?\D:\MVP\openclaw-secure-installer\desktop\src-tauri\target\debug\incremental\my_openclaw-2pii7xxcqwtwg\s-hgrxoefnzb-1fqoqmr-working`

warning: function `is_safe_path` is never used
  --> src\patch.rs:98:8
   |
98 | pub fn is_safe_path(root: &Path, target: &Path) -> bool {
   |        ^^^^^^^^^^^^
   |
   = note: `#[warn(dead_code)]` (part of `#[warn(unused)]`) on by default

warning: function `check_health` is never used
  --> src\db.rs:32:14
   |
32 | pub async fn check_health(pool: &PgPool) -> bool {
   |              ^^^^^^^^^^^^

warning: method `get` is never used
  --> src\repositories\contracts_repository.rs:65:18
   |
25 | impl ContractsRepository {
   | ------------------------ method in this implementation
...
65 |     pub async fn get(&self, contract_id: Uuid) -> Result<Contract, String> {
   |                  ^^^

warning: method `get` is never used
   --> src\repositories\artifacts_repository.rs:113:18
    |
 25 | impl ArtifactsRepository {
    | ------------------------ method in this implementation
...
113 |     pub async fn get(&self, artifact_id: Uuid) -> Result<Artifact, String> {
    |                  ^^^

warning: method `get_latest` is never used
  --> src\repositories\resume_snapshots_repository.rs:51:18
   |
21 | impl ResumeSnapshotsRepository {
   | ------------------------------ method in this implementation
...
51 |     pub async fn get_latest(&self, mission_id: Uuid) -> Result<ResumeSnapshot, String> {
   |                  ^^^^^^^^^^

warning: field `pool` is never read
 --> src\services\resume_service.rs:6:5
  |
5 | pub struct ResumeService {
  |            ------------- field in this struct
6 |     pool: PgPool,
  |     ^^^^

warning: methods `create_resume_snapshot` and `get_latest_resume_snapshot` are never used
  --> src\services\resume_service.rs:14:18
   |
 9 | impl ResumeService {
   | ------------------ methods in this implementation
...
14 |     pub async fn create_resume_snapshot(
   |                  ^^^^^^^^^^^^^^^^^^^^^^
...
25 |     pub async fn get_latest_resume_snapshot(&self, mission_id: Uuid) -> Result<ResumeSnapshot, String> {
   |                  ^^^^^^^^^^^^^^^^^^^^^^^^^^

warning: method `record_ledger_entry` is never used
  --> src\services\records_service.rs:40:18
   |
11 | impl RecordsService {
   | ------------------- method in this implementation
...
40 |     pub async fn record_ledger_entry(
   |                  ^^^^^^^^^^^^^^^^^^^

warning: field `resume_service` is never read
  --> src\mission_coordinator.rs:20:5
   |
15 | pub struct MissionCoordinator {
   |            ------------------ field in this struct
...
20 |     resume_service: ResumeService,
   |     ^^^^^^^^^^^^^^

warning: `my_openclaw` (bin "my_openclaw") generated 10 warnings
    Finished `dev` profile [unoptimized + debuginfo] target(s) in 10.97s
